Using pre-set license
Built from '2021.1/staging' branch; Version is '2021.1.11f1 (4d8c25f7477e) revision 5082149'; Using compiler version '192528614'; Build Type 'Release'
OS: 'Windows 10 Pro; OS build 19042.631; Version 2009; 64bit' Language: 'en' Physical Memory: 8157 MB
BatchMode: 1, IsHumanControllingUs: 0, StartBugReporterOnCrash: 0, Is64bit: 1, IsPro: 0

 COMMAND LINE ARGUMENTS:
D:\Unity\2021.1.11f1\Editor\Unity.exe
-adb2
-batchMode
-noUpm
-name
AssetImportWorker0
-projectPath
D:/Unity Projects/south bound
-logFile
Logs/AssetImportWorker0.log
-srvPort
63501
Successfully changed project path to: D:/Unity Projects/south bound
D:/Unity Projects/south bound
Using Asset Import Pipeline V2.
Refreshing native plugins compatible for Editor in 137.88 ms, found 3 plugins.
Preloading 0 native plugins for Editor in 0.00 ms.
Initialize engine version: 2021.1.11f1 (4d8c25f7477e)
[Subsystems] Discovering subsystems at path D:/Unity/2021.1.11f1/Editor/Data/Resources/UnitySubsystems
[Subsystems] Discovering subsystems at path D:/Unity Projects/south bound/Assets
GfxDevice: creating device client; threaded=0; jobified=0
Direct3D:
    Version:  Direct3D 11.0 [level 11.1]
    Renderer: Radeon RX 570 Series (ID=0x67df)
    Vendor:   ATI
    VRAM:     4075 MB
    Driver:   27.20.21003.8013
Initialize mono
Mono path[0] = 'D:/Unity/2021.1.11f1/Editor/Data/Managed'
Mono path[1] = 'D:/Unity/2021.1.11f1/Editor/Data/MonoBleedingEdge/lib/mono/unityjit'
Mono config path = 'D:/Unity/2021.1.11f1/Editor/Data/MonoBleedingEdge/etc'
Using monoOptions --debugger-agent=transport=dt_socket,embedding=1,server=y,suspend=n,address=127.0.0.1:56240
Begin MonoManager ReloadAssembly
Registering precompiled unity dll's ...
Register platform support module: D:/Unity/2021.1.11f1/Editor/Data/PlaybackEngines/WindowsStandaloneSupport/UnityEditor.WindowsStandalone.Extensions.dll
Registered in 0.001376 seconds.
Native extension for WindowsStandalone target not found
Refreshing native plugins compatible for Editor in 136.30 ms, found 3 plugins.
Preloading 0 native plugins for Editor in 0.00 ms.
Mono: successfully reloaded assembly
- Completed reload, in  2.056 seconds
Domain Reload Profiling:
	ReloadAssembly (2056ms)
		BeginReloadAssembly (69ms)
			ExecutionOrderSort (0ms)
			DisableScriptedObjects (0ms)
			BackupInstance (0ms)
			ReleaseScriptingObjects (0ms)
			CreateAndSetChildDomain (1ms)
		EndReloadAssembly (677ms)
			LoadAssemblies (68ms)
			RebuildTransferFunctionScriptingTraits (0ms)
			SetupTypeCache (238ms)
			ReleaseScriptCaches (0ms)
			RebuildScriptCaches (44ms)
			SetupLoadedEditorAssemblies (334ms)
				LogAssemblyErrors (0ms)
				InitializePlatformSupportModulesInManaged (8ms)
				SetLoadedEditorAssemblies (0ms)
				RefreshPlugins (136ms)
				BeforeProcessingInitializeOnLoad (2ms)
				ProcessInitializeOnLoadAttributes (142ms)
				ProcessInitializeOnLoadMethodAttributes (44ms)
				AfterProcessingInitializeOnLoad (0ms)
				EditorAssembliesLoaded (0ms)
			ExecutionOrderSort2 (0ms)
			AwakeInstancesAfterBackupRestoration (0ms)
Platform modules already initialized, skipping
Registering precompiled user dll's ...
Registered in 0.005321 seconds.
Begin MonoManager ReloadAssembly
Symbol file LoadedFromMemory doesn't match image D:\Unity Projects\south bound\Library\PackageCache\com.unity.visualscripting@1.6.1\Editor\VisualScripting.Core\Dependencies\YamlDotNet\Unity.VisualScripting.YamlDotNet.dll
Symbol file LoadedFromMemory doesn't match image D:\Unity Projects\south bound\Library\PackageCache\com.unity.visualscripting@1.6.1\Editor\VisualScripting.Core\Dependencies\DotNetZip\Unity.VisualScripting.IonicZip.dll
Native extension for WindowsStandalone target not found
Refreshing native plugins compatible for Editor in 0.91 ms, found 3 plugins.
Preloading 0 native plugins for Editor in 0.00 ms.
Mono: successfully reloaded assembly
- Completed reload, in  1.603 seconds
Domain Reload Profiling:
	ReloadAssembly (1604ms)
		BeginReloadAssembly (208ms)
			ExecutionOrderSort (0ms)
			DisableScriptedObjects (7ms)
			BackupInstance (0ms)
			ReleaseScriptingObjects (0ms)
			CreateAndSetChildDomain (25ms)
		EndReloadAssembly (1318ms)
			LoadAssemblies (167ms)
			RebuildTransferFunctionScriptingTraits (0ms)
			SetupTypeCache (489ms)
			ReleaseScriptCaches (1ms)
			RebuildScriptCaches (72ms)
			SetupLoadedEditorAssemblies (448ms)
				LogAssemblyErrors (0ms)
				InitializePlatformSupportModulesInManaged (7ms)
				SetLoadedEditorAssemblies (1ms)
				RefreshPlugins (1ms)
				BeforeProcessingInitializeOnLoad (101ms)
				ProcessInitializeOnLoadAttributes (326ms)
				ProcessInitializeOnLoadMethodAttributes (8ms)
				AfterProcessingInitializeOnLoad (4ms)
				EditorAssembliesLoaded (0ms)
			ExecutionOrderSort2 (0ms)
			AwakeInstancesAfterBackupRestoration (11ms)
Platform modules already initialized, skipping
========================================================================
Worker process is ready to serve import requests
Launched and connected shader compiler UnityShaderCompiler.exe after 0.11 seconds
Refreshing native plugins compatible for Editor in 1.21 ms, found 3 plugins.
Preloading 0 native plugins for Editor in 0.00 ms.
Unloading 3127 Unused Serialized files (Serialized files now loaded: 0)
System memory in use before: 127.8 MB.
System memory in use after: 128.0 MB.

Unloading 35 unused Assets to reduce memory usage. Loaded Objects now: 3579.
Total: 2.584900 ms (FindLiveObjects: 0.255000 ms CreateObjectMapping: 0.137000 ms MarkObjects: 2.095500 ms  DeleteObjects: 0.096000 ms)

AssetImportParameters requested are different than current active one (requested -> active):
  custom:framework-win-MediaFoundation: 216162199b28c13a410421893ffa2e32 -> 
  custom:video-decoder-ogg-theora: a1e56fd34408186e4bbccfd4996cb3dc -> 
  custom:container-muxer-webm: aa71ff27fc2769a1b78a27578f13a17b -> 
  custom:container-demuxer-webm: 4f35f7cbe854078d1ac9338744f61a02 -> 
  custom:container-demuxer-ogg: 62fdf1f143b41e24485cea50d1cbac27 -> 
  custom:video-encoder-webm-vp8: eb34c28f22e8b96e1ab97ce403110664 -> 
  custom:video-decoder-webm-vp8: 9c59270c3fd7afecdb556c50c9e8de78 -> 
  custom:audio-decoder-ogg-vorbis: bf7c407c2cedff20999df2af8eb42d56 -> 
  custom:audio-encoder-webm-vorbis: bf7c407c2cedff20999df2af8eb42d56 -> 
========================================================================
Received Import Request.
  path: Assets/Train/Textures/Train_MainTex.psd
  artifactKey: Guid(e775cce9067d9824da98b83c7413eccb) Importer(815301076,1909f56bfc062723c751e8b465ee728b)
Start importing Assets/Train/Textures/Train_MainTex.psd using Guid(e775cce9067d9824da98b83c7413eccb) Importer(815301076,1909f56bfc062723c751e8b465ee728b)  -> (artifact id: 'f650cfbee43c76aee6ba01c9c34d372a') in 0.297155 seconds 
========================================================================
Received Import Request.
  Time since last request: 0.000393 seconds.
  path: Assets/Train/Textures/Train_BumpMap.png
  artifactKey: Guid(9d6e6896cb8d1be4380913a2cbea0a0d) Importer(815301076,1909f56bfc062723c751e8b465ee728b)
Start importing Assets/Train/Textures/Train_BumpMap.png using Guid(9d6e6896cb8d1be4380913a2cbea0a0d) Importer(815301076,1909f56bfc062723c751e8b465ee728b)  -> (artifact id: '8d8da3eaaa15c7faccd77bbf4aaedac4') in 0.136842 seconds 
========================================================================
Received Import Request.
  Time since last request: 0.000377 seconds.
  path: Assets/Train/Textures
  artifactKey: Guid(31d56668efa566a45a4abab11b4c0944) Importer(815301076,1909f56bfc062723c751e8b465ee728b)
Start importing Assets/Train/Textures using Guid(31d56668efa566a45a4abab11b4c0944) Importer(815301076,1909f56bfc062723c751e8b465ee728b)  -> (artifact id: '19d8af17a699142d56290e355414b203') in 0.009782 seconds 
========================================================================
Received Import Request.
  Time since last request: 0.000425 seconds.
  path: Assets/Train/Textures/Train_MetallicGlossMap.png
  artifactKey: Guid(af7ff4b1bd4a7794d8a0e161fbf53cc4) Importer(815301076,1909f56bfc062723c751e8b465ee728b)
Start importing Assets/Train/Textures/Train_MetallicGlossMap.png using Guid(af7ff4b1bd4a7794d8a0e161fbf53cc4) Importer(815301076,1909f56bfc062723c751e8b465ee728b)  -> (artifact id: '711e582500d01b5c2a0e41c5c41aeeea') in 0.029159 seconds 
========================================================================
Received Import Request.
  Time since last request: 0.000437 seconds.
  path: Assets/Train/Textures/Train_OcclusionMap.png
  artifactKey: Guid(37b97cf95ddeab8449389b4cc00a2357) Importer(815301076,1909f56bfc062723c751e8b465ee728b)
Start importing Assets/Train/Textures/Train_OcclusionMap.png using Guid(37b97cf95ddeab8449389b4cc00a2357) Importer(815301076,1909f56bfc062723c751e8b465ee728b)  -> (artifact id: '3d192ff27b21c894100b8fb72b8d2556') in 0.026449 seconds 
========================================================================
Received Import Request.
  Time since last request: 2.686243 seconds.
  path: Assets/Train/Scene/Train.unity
  artifactKey: Guid(ebb9546b6f40a8146bd6048d8d9bc6a2) Importer(815301076,1909f56bfc062723c751e8b465ee728b)
Start importing Assets/Train/Scene/Train.unity using Guid(ebb9546b6f40a8146bd6048d8d9bc6a2) Importer(815301076,1909f56bfc062723c751e8b465ee728b)  -> (artifact id: '7870fd52fc697ae0ec283a103894fe39') in 0.042526 seconds 
========================================================================
Received Import Request.
  Time since last request: 0.421860 seconds.
  path: Assets/Train/Scene/TrainSettings.lighting
  artifactKey: Guid(8e0382008397843499fa359e482f7b40) Importer(815301076,1909f56bfc062723c751e8b465ee728b)
Start importing Assets/Train/Scene/TrainSettings.lighting using Guid(8e0382008397843499fa359e482f7b40) Importer(815301076,1909f56bfc062723c751e8b465ee728b) LightingSettings: switching bake backend from 1 to 0.
 -> (artifact id: '06805f0e3a6952f5c9b22a391c539cf7') in 0.014714 seconds 
AssetImportWorkerClient::OnTransportError - code=2 error=End of file
